<?xml version="1.0" encoding="UTF-8"?>
<!-- Generated by org.testng.reporters.JUnitReportReporter -->
<testsuite hostname="ThanvishRam" failures="0" tests="1" name="com.framework.testCases.TC_001_LoginTest" time="15.685" errors="0" timestamp="2023-01-28T21:06:58 IST" skipped="0">
  <testcase classname="com.framework.testCases.TC_001_LoginTest" name="loginTest" time="15.685"/>
  <system-out/>
</testsuite> <!-- com.framework.testCases.TC_001_LoginTest -->
