<?xml version="1.0" encoding="UTF-8"?>
<!-- Generated by org.testng.reporters.JUnitReportReporter -->
<testsuite hostname="ThanvishRam" failures="0" tests="1" name="com.framework.testCases.TC_001_AmazonLogin" time="15.802" errors="0" timestamp="2023-01-28T21:55:35 IST" skipped="0">
  <testcase classname="com.framework.testCases.TC_001_AmazonLogin" name="amazonLogIn" time="15.802"/>
  <system-out/>
</testsuite> <!-- com.framework.testCases.TC_001_AmazonLogin -->
